<?xml version="1.0" encoding="UTF-8"?>
<!-- Generated by org.testng.reporters.JUnitXMLReporter -->
<testsuite ignored="0" hostname="LAPTOP-151VN14N" failures="0" tests="3" name="Default test" time="0.111" errors="0" timestamp="2025-04-12T19:28:42 IST">
  <testcase classname="sele.testng_test.Login" name="closeapp" time="0.013"/>
  <testcase classname="sele.testng_test.Login" name="login" time="0.003"/>
  <testcase classname="sele.testng_test.Login" name="openapp" time="0.002"/>
</testsuite> <!-- Default test -->
