<?xml version="1.0" encoding="UTF-8"?>
<!-- Generated by org.testng.reporters.JUnitXMLReporter -->
<testsuite ignored="0" hostname="LAPTOP-151VN14N" failures="0" tests="3" name="Default test" time="46.0" errors="0" timestamp="2025-04-21T13:27:47 IST">
  <testcase classname="sele.testng_test.CheckFlow_Validation" name="launchSiteAndClosePopup" time="11.363"/>
  <testcase classname="sele.testng_test.CheckFlow_Validation" name="loginToUlta" time="10.927"/>
  <testcase classname="sele.testng_test.CheckFlow_Validation" name="addItemToCart" time="20.593"/>
</testsuite> <!-- Default test -->
