<?xml version="1.0" encoding="UTF-8"?>
<!-- Generated by org.testng.reporters.JUnitXMLReporter -->
<testsuite ignored="0" hostname="LAPTOP-151VN14N" failures="0" tests="6" name="chrometest" time="18.098" errors="0" timestamp="2025-05-13T11:57:42 IST">
  <testcase classname="sele.testng_test.Login" name="openapp" time="0.011"/>
  <testcase classname="sele.testng_test.Parallel_Execution" name="testLogo" time="3.105"/>
  <testcase classname="sele.testng_test.Login" name="login" time="0.013"/>
  <testcase classname="sele.testng_test.Parallel_Execution" name="testTitle" time="0.309"/>
  <testcase classname="sele.testng_test.Login" name="closeapp" time="0.032"/>
  <testcase classname="sele.testng_test.Parallel_Execution" name="testURL" time="0.328"/>
</testsuite> <!-- chrometest -->
