<?xml version="1.0" encoding="UTF-8"?>
<!-- Generated by org.testng.reporters.JUnitXMLReporter -->
<testsuite ignored="0" hostname="LAPTOP-151VN14N" failures="0" tests="3" name="firefoxtest" time="25.419" errors="0" timestamp="2025-05-13T11:57:49 IST">
  <testcase classname="sele.testng_test.Parallel_Execution" name="testLogo" time="0.048"/>
  <testcase classname="sele.testng_test.Parallel_Execution" name="testTitle" time="0.012"/>
  <testcase classname="sele.testng_test.Parallel_Execution" name="testURL" time="0.005"/>
</testsuite> <!-- firefoxtest -->
