<?xml version="1.0" encoding="UTF-8"?>
<!-- Generated by org.testng.reporters.JUnitXMLReporter -->
<testsuite ignored="0" hostname="LAPTOP-151VN14N" failures="0" tests="3" name="Test" time="20.763" errors="0" timestamp="2025-05-07T17:51:24 IST">
  <testcase classname="sele.testng_test.Parallel_Execution" name="testLogo" time="0.163"/>
  <testcase classname="sele.testng_test.Parallel_Execution" name="testTitle" time="0.016"/>
  <testcase classname="sele.testng_test.Parallel_Execution" name="testURL" time="0.018"/>
</testsuite> <!-- Test -->
