<?xml version="1.0" encoding="UTF-8"?>
<testng-results ignored="0" total="3" passed="3" failed="0" skipped="0">
  <reporter-output>
  </reporter-output>
  <suite started-at="2025-04-21T13:27:01 IST" name="Default suite" finished-at="2025-04-21T13:27:47 IST" duration-ms="46000">
    <groups>
    </groups>
    <test started-at="2025-04-21T13:27:01 IST" name="Default test" finished-at="2025-04-21T13:27:47 IST" duration-ms="46000">
      <class name="sele.testng_test.CheckFlow_Validation">
        <test-method is-config="true" signature="setup()[pri:0, instance:sele.testng_test.CheckFlow_Validation@4007f65e]" started-at="2025-04-21T13:27:01 IST" name="setup" finished-at="2025-04-21T13:27:04 IST" duration-ms="3026" status="PASS">
          <reporter-output>
          </reporter-output>
        </test-method> <!-- setup -->
        <test-method signature="launchSiteAndClosePopup()[pri:1, instance:sele.testng_test.CheckFlow_Validation@4007f65e]" started-at="2025-04-21T13:27:04 IST" name="launchSiteAndClosePopup" finished-at="2025-04-21T13:27:16 IST" duration-ms="11363" status="PASS">
          <reporter-output>
          </reporter-output>
        </test-method> <!-- launchSiteAndClosePopup -->
        <test-method signature="loginToUlta()[pri:2, instance:sele.testng_test.CheckFlow_Validation@4007f65e]" started-at="2025-04-21T13:27:16 IST" name="loginToUlta" finished-at="2025-04-21T13:27:27 IST" duration-ms="10927" status="PASS">
          <reporter-output>
          </reporter-output>
        </test-method> <!-- loginToUlta -->
        <test-method signature="addItemToCart()[pri:3, instance:sele.testng_test.CheckFlow_Validation@4007f65e]" started-at="2025-04-21T13:27:27 IST" name="addItemToCart" finished-at="2025-04-21T13:27:47 IST" duration-ms="20593" status="PASS">
          <reporter-output>
          </reporter-output>
        </test-method> <!-- addItemToCart -->
        <test-method is-config="true" signature="tearDown()[pri:0, instance:sele.testng_test.CheckFlow_Validation@4007f65e]" started-at="2025-04-21T13:27:47 IST" name="tearDown" finished-at="2025-04-21T13:27:47 IST" duration-ms="0" status="PASS">
          <reporter-output>
          </reporter-output>
        </test-method> <!-- tearDown -->
      </class> <!-- sele.testng_test.CheckFlow_Validation -->
    </test> <!-- Default test -->
  </suite> <!-- Default suite -->
</testng-results>
