<?xml version="1.0" encoding="UTF-8"?>
<!-- Generated by org.testng.reporters.JUnitXMLReporter -->
<testsuite ignored="6" hostname="LAPTOP-151VN14N" failures="0" tests="2" name="groupingtests" time="0.105" errors="0" timestamp="2025-05-27T12:29:42 IST">
  <testcase classname="sele.testng_test.Payment_Tests" name="paymentinRupees" time="0.013"/>
  <testcase classname="sele.testng_test.Payment_Tests" name="paymentinDollars" time="0.001"/>
  <testcase classname="sele.testng_test.Signup_Tests" name="signupByInsta" time="0.0">
    <ignored/>
  </testcase> <!-- signupByInsta -->
  <testcase classname="sele.testng_test.Signup_Tests" name="signupByEmail" time="0.0">
    <ignored/>
  </testcase> <!-- signupByEmail -->
  <testcase classname="sele.testng_test.Login_Tests" name="loginByFb" time="0.0">
    <ignored/>
  </testcase> <!-- loginByFb -->
  <testcase classname="sele.testng_test.Login_Tests" name="loginByInsta" time="0.0">
    <ignored/>
  </testcase> <!-- loginByInsta -->
  <testcase classname="sele.testng_test.Signup_Tests" name="signupByFb" time="0.0">
    <ignored/>
  </testcase> <!-- signupByFb -->
  <testcase classname="sele.testng_test.Login_Tests" name="loginByEmail" time="0.0">
    <ignored/>
  </testcase> <!-- loginByEmail -->
</testsuite> <!-- groupingtests -->
