<?xml version="1.0" encoding="UTF-8"?>
<!-- Generated by org.testng.reporters.JUnitReportReporter -->
<testsuite hostname="LAPTOP-151VN14N" failures="0" tests="3" name="sele.testng_test.CheckFlow_Validation" time="42.883" errors="0" timestamp="2025-04-21T13:27:48 IST" skipped="0">
  <testcase classname="sele.testng_test.CheckFlow_Validation" name="launchSiteAndClosePopup" time="11.363"/>
  <testcase classname="sele.testng_test.CheckFlow_Validation" name="loginToUlta" time="10.927"/>
  <testcase classname="sele.testng_test.CheckFlow_Validation" name="addItemToCart" time="20.593"/>
</testsuite> <!-- sele.testng_test.CheckFlow_Validation -->
